<?xml version="1.0" encoding="UTF-8"?>
<!-- Generated by org.testng.reporters.JUnitReportReporter -->
<testsuite hostname="DESKTOP-4KRQONT" failures="0" tests="2" name="TestProject.tests.LoginTest" time="13.332" errors="0" timestamp="08 May 2022 06:20:35 GMT" skipped="0">
  <testcase classname="TestProject.tests.LoginTest" name="login" time="10.166"/>
  <testcase classname="TestProject.tests.LoginTest" name="logout" time="3.166"/>
</testsuite> <!-- TestProject.tests.LoginTest -->
